<?xml version="1.0" encoding="UTF-8"?>
<testsuite xmlns:xsi="http://www.w3.org/2001/XMLSchema-instance" xsi:noNamespaceSchemaLocation="https://maven.apache.org/surefire/maven-surefire-plugin/xsd/surefire-test-report-3.0.xsd" version="3.0" name="com.herokuapp.theinternet.GithubTests" time="20.756" tests="1" errors="0" skipped="0" failures="0">
  <properties>
[...]
</properties>
  <testcase name="githubTest" classname="com.herokuapp.theinternet.GithubTests" time="20.559">
    <system-out><![CDATA[Starting loginTest
Page is opened.
]]></system-out>
    <system-err><![CDATA[1611179834800	geckodriver	INFO	Listening on 127.0.0.1:23730
1611179835388	mozrunner::runner	INFO	Running command: "C:\\Program Files\\Mozilla Firefox\\firefox.exe" "--marionette" "-foreground" "-no-remote" "-profile" "C:\\Users\\sidha\\AppData\\Local\\Temp\\rust_mozprofileQ73dA4"
Can't find symbol 'eglSwapBuffersWithDamageEXT'.
Can't find symbol 'eglSetDamageRegionKHR'.
console.warn: SearchSettings: "get: No settings file exists, new profile?" (new Error("", "(unknown module)"))
1611179836956	Marionette	INFO	Listening on port 56593
1611179837412	Marionette	WARN	TLS certificate errors will be ignored for this session
Jan 20, 2021 10:57:17 PM org.openqa.selenium.remote.ProtocolHandshake createSession
INFO: Detected dialect: W3C
1611179854634	Marionette	INFO	Stopped listening on port 56593
]]></system-err>
  </testcase>
</testsuite>