<?xml version="1.0" encoding="UTF-8"?>
<testng-results ignored="0" total="1" passed="1" failed="0" skipped="0">
  <reporter-output>
  </reporter-output>
  <suite started-at="2021-01-20T22:57:14 CET" name="Surefire suite" finished-at="2021-01-20T22:57:35 CET" duration-ms="20566">
    <groups>
    </groups>
    <test started-at="2021-01-20T22:57:14 CET" name="Surefire test" finished-at="2021-01-20T22:57:35 CET" duration-ms="20566">
      <class name="com.herokuapp.theinternet.GithubTests">
        <test-method signature="githubTest()[pri:0, instance:com.herokuapp.theinternet.GithubTests@70beb599]" started-at="2021-01-20T22:57:14 CET" name="githubTest" finished-at="2021-01-20T22:57:35 CET" duration-ms="20548" status="PASS">
          <reporter-output>
          </reporter-output>
        </test-method> <!-- githubTest -->
      </class> <!-- com.herokuapp.theinternet.GithubTests -->
    </test> <!-- Surefire test -->
  </suite> <!-- Surefire suite -->
</testng-results>
